<?xml version="1.0" encoding="UTF-8"?>
<testng-results skipped="0" failed="0" ignored="0" total="1" passed="1">
  <reporter-output>
  </reporter-output>
  <suite name="Suite" duration-ms="183964" started-at="2022-07-11T07:33:47Z" finished-at="2022-07-11T07:36:51Z">
    <groups>
    </groups>
    <test name="Test" duration-ms="183964" started-at="2022-07-11T07:33:47Z" finished-at="2022-07-11T07:36:51Z">
      <class name="MainClass.NewTest">
        <test-method status="PASS" signature="beforeClass()[pri:0, instance:MainClass.NewTest@4d49af10]" name="beforeClass" is-config="true" duration-ms="18923" started-at="2022-07-11T07:33:47Z" finished-at="2022-07-11T07:34:06Z">
          <reporter-output>
          </reporter-output>
        </test-method> <!-- beforeClass -->
        <test-method status="PASS" signature="openMyBlog()[pri:0, instance:MainClass.NewTest@4d49af10]" name="openMyBlog" duration-ms="163288" started-at="2022-07-11T07:34:06Z" finished-at="2022-07-11T07:36:49Z">
          <reporter-output>
          </reporter-output>
        </test-method> <!-- openMyBlog -->
        <test-method status="PASS" signature="afterClass()[pri:0, instance:MainClass.NewTest@4d49af10]" name="afterClass" is-config="true" duration-ms="1109" started-at="2022-07-11T07:36:50Z" finished-at="2022-07-11T07:36:51Z">
          <reporter-output>
          </reporter-output>
        </test-method> <!-- afterClass -->
      </class> <!-- MainClass.NewTest -->
    </test> <!-- Test -->
  </suite> <!-- Suite -->
</testng-results>
