<?xml version="1.0" encoding="UTF-8"?>
<testng-results skipped="0" failed="0" ignored="0" total="1" passed="1">
  <reporter-output>
    <line>
      <![CDATA[sathish]]>
    </line>
  </reporter-output>
  <suite name="Default suite" duration-ms="22164" started-at="2022-03-16T05:04:51Z" finished-at="2022-03-16T05:05:14Z">
    <groups>
    </groups>
    <test name="Default test" duration-ms="22164" started-at="2022-03-16T05:04:51Z" finished-at="2022-03-16T05:05:14Z">
      <class name="org.run.SCUF.ExecuteScuf">
        <test-method status="PASS" signature="launchBrowser()[pri:0, instance:org.run.SCUF.ExecuteScuf@6d4b1c02]" name="launchBrowser" is-config="true" duration-ms="10638" started-at="2022-03-16T10:34:51Z" finished-at="2022-03-16T10:35:02Z">
          <reporter-output>
          </reporter-output>
        </test-method> <!-- launchBrowser -->
        <test-method status="PASS" signature="f()[pri:0, instance:org.run.SCUF.ExecuteScuf@6d4b1c02]" name="f" duration-ms="11498" started-at="2022-03-16T10:35:02Z" finished-at="2022-03-16T10:35:14Z">
          <reporter-output>
            <line>
              <![CDATA[sathish]]>
            </line>
          </reporter-output>
        </test-method> <!-- f -->
      </class> <!-- org.run.SCUF.ExecuteScuf -->
    </test> <!-- Default test -->
  </suite> <!-- Default suite -->
</testng-results>
