<?xml version="1.0" encoding="UTF-8"?>
<testng-results skipped="0" failed="0" ignored="0" total="20" passed="20">
  <reporter-output>
  </reporter-output>
  <suite name="Default suite" duration-ms="50644" started-at="2022-06-22T06:33:53Z" finished-at="2022-06-22T06:34:43Z">
    <groups>
    </groups>
    <test name="Default test" duration-ms="50644" started-at="2022-06-22T06:33:53Z" finished-at="2022-06-22T06:34:43Z">
      <class name="org.webpage.Execution_GL">
        <test-method status="PASS" signature="startTest()[pri:0, instance:org.webpage.Execution_GL@1794d431]" name="startTest" is-config="true" duration-ms="12574" started-at="2022-06-22T12:03:53Z" finished-at="2022-06-22T12:04:05Z">
          <reporter-output>
          </reporter-output>
        </test-method> <!-- startTest -->
        <test-method status="PASS" signature="f()[pri:0, instance:org.webpage.Execution_GL@1794d431]" name="f" duration-ms="11468" started-at="2022-06-22T12:04:05Z" finished-at="2022-06-22T12:04:17Z">
          <reporter-output>
          </reporter-output>
        </test-method> <!-- f -->
        <test-method status="PASS" signature="nameValidation()[pri:1, instance:org.webpage.Execution_GL@1794d431]" name="nameValidation" duration-ms="1236" started-at="2022-06-22T12:04:17Z" finished-at="2022-06-22T12:04:18Z">
          <reporter-output>
          </reporter-output>
        </test-method> <!-- nameValidation -->
        <test-method status="PASS" signature="MobileValidation1()[pri:2, instance:org.webpage.Execution_GL@1794d431]" name="MobileValidation1" duration-ms="1241" started-at="2022-06-22T12:04:18Z" finished-at="2022-06-22T12:04:19Z">
          <reporter-output>
          </reporter-output>
        </test-method> <!-- MobileValidation1 -->
        <test-method status="PASS" signature="mobileValidation2()[pri:3, instance:org.webpage.Execution_GL@1794d431]" name="mobileValidation2" duration-ms="455" started-at="2022-06-22T12:04:19Z" finished-at="2022-06-22T12:04:20Z">
          <reporter-output>
          </reporter-output>
        </test-method> <!-- mobileValidation2 -->
        <test-method status="PASS" signature="mobileValidation3()[pri:4, instance:org.webpage.Execution_GL@1794d431]" name="mobileValidation3" duration-ms="354" started-at="2022-06-22T12:04:20Z" finished-at="2022-06-22T12:04:20Z">
          <reporter-output>
          </reporter-output>
        </test-method> <!-- mobileValidation3 -->
        <test-method status="PASS" signature="invalidEmailValidatio()[pri:5, instance:org.webpage.Execution_GL@1794d431]" name="invalidEmailValidatio" duration-ms="839" started-at="2022-06-22T12:04:20Z" finished-at="2022-06-22T12:04:21Z">
          <reporter-output>
          </reporter-output>
        </test-method> <!-- invalidEmailValidatio -->
        <test-method status="PASS" signature="emailValidation()[pri:6, instance:org.webpage.Execution_GL@1794d431]" name="emailValidation" duration-ms="339" started-at="2022-06-22T12:04:21Z" finished-at="2022-06-22T12:04:21Z">
          <reporter-output>
          </reporter-output>
        </test-method> <!-- emailValidation -->
        <test-method status="PASS" signature="dateOfBirth()[pri:7, instance:org.webpage.Execution_GL@1794d431]" name="dateOfBirth" duration-ms="1426" started-at="2022-06-22T12:04:21Z" finished-at="2022-06-22T12:04:23Z">
          <reporter-output>
          </reporter-output>
        </test-method> <!-- dateOfBirth -->
        <test-method status="PASS" signature="gender()[pri:8, instance:org.webpage.Execution_GL@1794d431]" name="gender" duration-ms="68" started-at="2022-06-22T12:04:23Z" finished-at="2022-06-22T12:04:23Z">
          <reporter-output>
          </reporter-output>
        </test-method> <!-- gender -->
        <test-method status="PASS" signature="maritalStatus()[pri:9, instance:org.webpage.Execution_GL@1794d431]" name="maritalStatus" duration-ms="88" started-at="2022-06-22T12:04:23Z" finished-at="2022-06-22T12:04:23Z">
          <reporter-output>
          </reporter-output>
        </test-method> <!-- maritalStatus -->
        <test-method status="PASS" signature="panNo()[pri:10, instance:org.webpage.Execution_GL@1794d431]" name="panNo" duration-ms="325" started-at="2022-06-22T12:04:23Z" finished-at="2022-06-22T12:04:23Z">
          <reporter-output>
          </reporter-output>
        </test-method> <!-- panNo -->
        <test-method status="PASS" signature="panNo1()[pri:11, instance:org.webpage.Execution_GL@1794d431]" name="panNo1" duration-ms="253" started-at="2022-06-22T12:04:23Z" finished-at="2022-06-22T12:04:23Z">
          <reporter-output>
          </reporter-output>
        </test-method> <!-- panNo1 -->
        <test-method status="PASS" signature="PanNo2()[pri:12, instance:org.webpage.Execution_GL@1794d431]" name="PanNo2" duration-ms="164" started-at="2022-06-22T12:04:23Z" finished-at="2022-06-22T12:04:24Z">
          <reporter-output>
          </reporter-output>
        </test-method> <!-- PanNo2 -->
        <test-method status="PASS" signature="loanAmt()[pri:13, instance:org.webpage.Execution_GL@1794d431]" name="loanAmt" duration-ms="318" started-at="2022-06-22T12:04:24Z" finished-at="2022-06-22T12:04:24Z">
          <reporter-output>
          </reporter-output>
        </test-method> <!-- loanAmt -->
        <test-method status="PASS" signature="loanAmt1()[pri:14, instance:org.webpage.Execution_GL@1794d431]" name="loanAmt1" duration-ms="276" started-at="2022-06-22T12:04:24Z" finished-at="2022-06-22T12:04:24Z">
          <reporter-output>
          </reporter-output>
        </test-method> <!-- loanAmt1 -->
        <test-method status="PASS" signature="loanAmt2()[pri:15, instance:org.webpage.Execution_GL@1794d431]" name="loanAmt2" duration-ms="249" started-at="2022-06-22T12:04:24Z" finished-at="2022-06-22T12:04:24Z">
          <reporter-output>
          </reporter-output>
        </test-method> <!-- loanAmt2 -->
        <test-method status="PASS" signature="loanAmt3()[pri:16, instance:org.webpage.Execution_GL@1794d431]" name="loanAmt3" duration-ms="156" started-at="2022-06-22T12:04:24Z" finished-at="2022-06-22T12:04:25Z">
          <reporter-output>
          </reporter-output>
        </test-method> <!-- loanAmt3 -->
        <test-method status="PASS" signature="pincode0()[pri:17, instance:org.webpage.Execution_GL@1794d431]" name="pincode0" duration-ms="891" started-at="2022-06-22T12:04:25Z" finished-at="2022-06-22T12:04:26Z">
          <reporter-output>
          </reporter-output>
        </test-method> <!-- pincode0 -->
        <test-method status="PASS" signature="checkbox()[pri:18, instance:org.webpage.Execution_GL@1794d431]" name="checkbox" duration-ms="7848" started-at="2022-06-22T12:04:26Z" finished-at="2022-06-22T12:04:33Z">
          <reporter-output>
          </reporter-output>
        </test-method> <!-- checkbox -->
        <test-method status="PASS" signature="applynow()[pri:19, instance:org.webpage.Execution_GL@1794d431]" name="applynow" duration-ms="306" started-at="2022-06-22T12:04:33Z" finished-at="2022-06-22T12:04:34Z">
          <reporter-output>
          </reporter-output>
        </test-method> <!-- applynow -->
        <test-method status="PASS" signature="closeBrowser()[pri:0, instance:org.webpage.Execution_GL@1794d431]" name="closeBrowser" is-config="true" duration-ms="9676" started-at="2022-06-22T12:04:34Z" finished-at="2022-06-22T12:04:43Z">
          <reporter-output>
          </reporter-output>
        </test-method> <!-- closeBrowser -->
      </class> <!-- org.webpage.Execution_GL -->
    </test> <!-- Default test -->
  </suite> <!-- Default suite -->
</testng-results>
