<?xml version="1.0" encoding="UTF-8"?>
<!-- Generated by org.testng.reporters.JUnitReportReporter -->
<testsuite name="org.webpage.Execution_GL" tests="20" time="28.300" ignored="0" failures="0" timestamp="22 Jun 2022 06:34:44 GMT" skipped="0" hostname="DIGITAL-0099" errors="0">
  <testcase name="applynow" time="0.306" classname="org.webpage.Execution_GL"/>
  <testcase name="panNo1" time="0.253" classname="org.webpage.Execution_GL"/>
  <testcase name="panNo" time="0.325" classname="org.webpage.Execution_GL"/>
  <testcase name="loanAmt1" time="0.276" classname="org.webpage.Execution_GL"/>
  <testcase name="invalidEmailValidatio" time="0.839" classname="org.webpage.Execution_GL"/>
  <testcase name="maritalStatus" time="0.088" classname="org.webpage.Execution_GL"/>
  <testcase name="mobileValidation3" time="0.354" classname="org.webpage.Execution_GL"/>
  <testcase name="loanAmt3" time="0.156" classname="org.webpage.Execution_GL"/>
  <testcase name="pincode0" time="0.891" classname="org.webpage.Execution_GL"/>
  <testcase name="gender" time="0.068" classname="org.webpage.Execution_GL"/>
  <testcase name="nameValidation" time="1.236" classname="org.webpage.Execution_GL"/>
  <testcase name="checkbox" time="7.848" classname="org.webpage.Execution_GL"/>
  <testcase name="MobileValidation1" time="1.241" classname="org.webpage.Execution_GL"/>
  <testcase name="emailValidation" time="0.339" classname="org.webpage.Execution_GL"/>
  <testcase name="dateOfBirth" time="1.426" classname="org.webpage.Execution_GL"/>
  <testcase name="f" time="11.468" classname="org.webpage.Execution_GL"/>
  <testcase name="PanNo2" time="0.164" classname="org.webpage.Execution_GL"/>
  <testcase name="mobileValidation2" time="0.455" classname="org.webpage.Execution_GL"/>
  <testcase name="loanAmt2" time="0.249" classname="org.webpage.Execution_GL"/>
  <testcase name="loanAmt" time="0.318" classname="org.webpage.Execution_GL"/>
</testsuite> <!-- org.webpage.Execution_GL -->
